#
# There is insufficient memory for the Java Runtime Environment to continue.
# Native memory allocation (mmap) failed to map 7340032 bytes for G1 virtual space
# Possible reasons:
#   The system is out of physical RAM or swap space
#   The process is running with CompressedOops enabled, and the Java Heap may be blocking the growth of the native heap
# Possible solutions:
#   Reduce memory load on the system
#   Increase physical memory or swap space
#   Check if swap backing store is full
#   Decrease Java heap size (-Xmx/-Xms)
#   Decrease number of Java threads
#   Decrease Java thread stack sizes (-Xss)
#   Set larger code cache with -XX:ReservedCodeCacheSize=
#   JVM is running with Unscaled Compressed Oops mode in which the Java heap is
#     placed in the first 4GB address space. The Java Heap base address is the
#     maximum limit for the native heap growth. Please use -XX:HeapBaseMinAddress
#     to set the Java Heap base and to place the Java Heap above 4GB virtual address.
# This output file may be truncated or incomplete.
#
#  Out of Memory Error (os_windows.cpp:3769), pid=24448, tid=31336
#
# JRE version: OpenJDK Runtime Environment (17.0.6) (build 17.0.6+0-b2043.56-10027231)
# Java VM: OpenJDK 64-Bit Server VM (17.0.6+0-b2043.56-10027231, mixed mode, tiered, compressed oops, compressed class ptrs, g1 gc, windows-amd64)
# No core dump will be written. Minidumps are not enabled by default on client versions of Windows
#

---------------  S U M M A R Y ------------

Command Line: --add-opens=java.base/java.util=ALL-UNNAMED --add-opens=java.base/java.lang=ALL-UNNAMED --add-opens=java.base/java.lang.invoke=ALL-UNNAMED --add-opens=java.prefs/java.util.prefs=ALL-UNNAMED --add-opens=java.base/java.nio.charset=ALL-UNNAMED --add-opens=java.base/java.net=ALL-UNNAMED --add-opens=java.base/java.util.concurrent.atomic=ALL-UNNAMED -Xmx2048m -Dfile.encoding=UTF-8 -Duser.country=US -Duser.language=en -Duser.variant org.gradle.launcher.daemon.bootstrap.GradleDaemon 8.0

Host: 12th Gen Intel(R) Core(TM) i5-1240P, 16 cores, 15G,  Windows 11 , 64 bit Build 22621 (10.0.22621.3085)
Time: Thu May  9 01:21:28 2024 Bangladesh Standard Time elapsed time: 11.205610 seconds (0d 0h 0m 11s)

---------------  T H R E A D  ---------------

Current thread (0x000001767e7810e0):  VMThread "VM Thread" [stack: 0x0000004a3c900000,0x0000004a3ca00000] [id=31336]

Stack: [0x0000004a3c900000,0x0000004a3ca00000]
Native frames: (J=compiled Java code, j=interpreted, Vv=VM code, C=native code)
V  [jvm.dll+0x683c9a]
V  [jvm.dll+0x8427a4]
V  [jvm.dll+0x843f9e]
V  [jvm.dll+0x844603]
V  [jvm.dll+0x249b75]
V  [jvm.dll+0x680b69]
V  [jvm.dll+0x67505a]
V  [jvm.dll+0x309acb]
V  [jvm.dll+0x310f86]
V  [jvm.dll+0x3608ee]
V  [jvm.dll+0x360b1f]
V  [jvm.dll+0x2dfbf8]
V  [jvm.dll+0x2e2ce6]
V  [jvm.dll+0x2ed478]
V  [jvm.dll+0x322150]
V  [jvm.dll+0x848ccb]
V  [jvm.dll+0x849a04]
V  [jvm.dll+0x849f1d]
V  [jvm.dll+0x84a2f4]
V  [jvm.dll+0x84a3c0]
V  [jvm.dll+0x7f274a]
V  [jvm.dll+0x682ad5]
C  [ucrtbase.dll+0x29363]
C  [KERNEL32.DLL+0x1257d]
C  [ntdll.dll+0x5aa58]

VM_Operation (0x0000004a3c5ff440): G1Concurrent, mode: safepoint, requested by thread 0x0000017672ecce50


---------------  P R O C E S S  ---------------

Threads class SMR info:
_java_thread_list=0x0000017615fe19a0, length=53, elements={
0x0000017672e5feb0, 0x000001767f04f7a0, 0x000001767f050610, 0x000001767f0984f0,
0x000001767f09a0b0, 0x000001767f09ac60, 0x000001767f09d620, 0x000001767f09e3b0,
0x000001767f09ee50, 0x000001767f0ad160, 0x000001767f20fea0, 0x000001767f2143c0,
0x000001767f24a440, 0x000001767f264490, 0x000001767f37acd0, 0x0000017610fc97e0,
0x000001760ff72f40, 0x000001760fe8a080, 0x000001760fb99a80, 0x0000017610eb0ee0,
0x0000017610b35680, 0x0000017610b33e70, 0x0000017610b34ce0, 0x0000017610b364f0,
0x0000017610b34810, 0x0000017610b34340, 0x0000017610b35b50, 0x0000017610b351b0,
0x0000017610b36020, 0x0000017610b369c0, 0x0000017610b36e90, 0x0000017610b37360,
0x0000017610b339a0, 0x0000017613da1150, 0x0000017613d9a770, 0x0000017613d9c450,
0x0000017613d9ac40, 0x0000017613da02e0, 0x0000017613d9efa0, 0x0000017613da1620,
0x0000017613d9d790, 0x0000017613da07b0, 0x0000017613d9b110, 0x0000017613da0c80,
0x0000017613d9c920, 0x0000017613da1af0, 0x0000017613d9e600, 0x0000017613da1fc0,
0x0000017613d9fe10, 0x0000017613d9bab0, 0x0000017613d9dc60, 0x0000017613d9f470,
0x0000017613d9cdf0
}

Java Threads: ( => current thread )
  0x0000017672e5feb0 JavaThread "main" [_thread_blocked, id=2360, stack(0x0000004a3c300000,0x0000004a3c400000)]
  0x000001767f04f7a0 JavaThread "Reference Handler" daemon [_thread_blocked, id=19748, stack(0x0000004a3ca00000,0x0000004a3cb00000)]
  0x000001767f050610 JavaThread "Finalizer" daemon [_thread_blocked, id=41600, stack(0x0000004a3cb00000,0x0000004a3cc00000)]
  0x000001767f0984f0 JavaThread "Signal Dispatcher" daemon [_thread_blocked, id=26496, stack(0x0000004a3cc00000,0x0000004a3cd00000)]
  0x000001767f09a0b0 JavaThread "Attach Listener" daemon [_thread_blocked, id=6160, stack(0x0000004a3cd00000,0x0000004a3ce00000)]
  0x000001767f09ac60 JavaThread "Service Thread" daemon [_thread_blocked, id=22588, stack(0x0000004a3ce00000,0x0000004a3cf00000)]
  0x000001767f09d620 JavaThread "Monitor Deflation Thread" daemon [_thread_blocked, id=26288, stack(0x0000004a3cf00000,0x0000004a3d000000)]
  0x000001767f09e3b0 JavaThread "C2 CompilerThread0" daemon [_thread_blocked, id=1768, stack(0x0000004a3d000000,0x0000004a3d100000)]
  0x000001767f09ee50 JavaThread "C1 CompilerThread0" daemon [_thread_blocked, id=36080, stack(0x0000004a3d100000,0x0000004a3d200000)]
  0x000001767f0ad160 JavaThread "Sweeper thread" daemon [_thread_blocked, id=29864, stack(0x0000004a3d200000,0x0000004a3d300000)]
  0x000001767f20fea0 JavaThread "C1 CompilerThread1" daemon [_thread_blocked, id=12748, stack(0x0000004a3d300000,0x0000004a3d400000)]
  0x000001767f2143c0 JavaThread "C1 CompilerThread2" daemon [_thread_blocked, id=40200, stack(0x0000004a3d400000,0x0000004a3d500000)]
  0x000001767f24a440 JavaThread "Common-Cleaner" daemon [_thread_blocked, id=16000, stack(0x0000004a3d500000,0x0000004a3d600000)]
  0x000001767f264490 JavaThread "Notification Thread" daemon [_thread_blocked, id=41964, stack(0x0000004a3d600000,0x0000004a3d700000)]
  0x000001767f37acd0 JavaThread "C1 CompilerThread3" daemon [_thread_blocked, id=10060, stack(0x0000004a3d900000,0x0000004a3da00000)]
  0x0000017610fc97e0 JavaThread "Daemon health stats" [_thread_blocked, id=16168, stack(0x0000004a3e000000,0x0000004a3e100000)]
  0x000001760ff72f40 JavaThread "Incoming local TCP Connector on port 57313" [_thread_in_native, id=24412, stack(0x0000004a3e100000,0x0000004a3e200000)]
  0x000001760fe8a080 JavaThread "Daemon periodic checks" [_thread_blocked, id=40668, stack(0x0000004a3e200000,0x0000004a3e300000)]
  0x000001760fb99a80 JavaThread "Daemon" [_thread_blocked, id=51732, stack(0x0000004a3e300000,0x0000004a3e400000)]
  0x0000017610eb0ee0 JavaThread "Handler for socket connection from /127.0.0.1:57313 to /127.0.0.1:57314" [_thread_in_native, id=14380, stack(0x0000004a3e400000,0x0000004a3e500000)]
  0x0000017610b35680 JavaThread "Cancel handler" [_thread_blocked, id=12020, stack(0x0000004a3e500000,0x0000004a3e600000)]
  0x0000017610b33e70 JavaThread "Daemon worker" [_thread_blocked, id=51908, stack(0x0000004a3e600000,0x0000004a3e700000)]
  0x0000017610b34ce0 JavaThread "Asynchronous log dispatcher for DefaultDaemonConnection: socket connection from /127.0.0.1:57313 to /127.0.0.1:57314" [_thread_blocked, id=3668, stack(0x0000004a3e700000,0x0000004a3e800000)]
  0x0000017610b364f0 JavaThread "Stdin handler" [_thread_blocked, id=27056, stack(0x0000004a3e800000,0x0000004a3e900000)]
  0x0000017610b34810 JavaThread "Daemon client event forwarder" [_thread_blocked, id=32524, stack(0x0000004a3e900000,0x0000004a3ea00000)]
  0x0000017610b34340 JavaThread "Cache worker for journal cache (C:\Users\hp\.gradle\caches\journal-1)" [_thread_blocked, id=40168, stack(0x0000004a3d800000,0x0000004a3d900000)]
  0x0000017610b35b50 JavaThread "File lock request listener" [_thread_in_native, id=42984, stack(0x0000004a3f200000,0x0000004a3f300000)]
  0x0000017610b351b0 JavaThread "Cache worker for file hash cache (C:\Users\hp\.gradle\caches\8.0\fileHashes)" [_thread_blocked, id=29136, stack(0x0000004a3f500000,0x0000004a3f600000)]
  0x0000017610b36020 JavaThread "File watcher server" daemon [_thread_in_native, id=45436, stack(0x0000004a3f600000,0x0000004a3f700000)]
  0x0000017610b369c0 JavaThread "File watcher consumer" daemon [_thread_blocked, id=40664, stack(0x0000004a3f700000,0x0000004a3f800000)]
  0x0000017610b36e90 JavaThread "jar transforms" [_thread_blocked, id=11892, stack(0x0000004a3f800000,0x0000004a3f900000)]
  0x0000017610b37360 JavaThread "jar transforms Thread 2" [_thread_blocked, id=6556, stack(0x0000004a3f900000,0x0000004a3fa00000)]
  0x0000017610b339a0 JavaThread "jar transforms Thread 3" [_thread_blocked, id=45644, stack(0x0000004a3fa00000,0x0000004a3fb00000)]
  0x0000017613da1150 JavaThread "jar transforms Thread 4" [_thread_blocked, id=50276, stack(0x0000004a3fb00000,0x0000004a3fc00000)]
  0x0000017613d9a770 JavaThread "jar transforms Thread 5" [_thread_blocked, id=17932, stack(0x0000004a3fc00000,0x0000004a3fd00000)]
  0x0000017613d9c450 JavaThread "jar transforms Thread 6" [_thread_blocked, id=24900, stack(0x0000004a3fd00000,0x0000004a3fe00000)]
  0x0000017613d9ac40 JavaThread "jar transforms Thread 7" [_thread_blocked, id=31360, stack(0x0000004a3fe00000,0x0000004a3ff00000)]
  0x0000017613da02e0 JavaThread "jar transforms Thread 8" [_thread_blocked, id=36304, stack(0x0000004a3ff00000,0x0000004a40000000)]
  0x0000017613d9efa0 JavaThread "jar transforms Thread 9" [_thread_blocked, id=52448, stack(0x0000004a40000000,0x0000004a40100000)]
  0x0000017613da1620 JavaThread "jar transforms Thread 10" [_thread_blocked, id=9104, stack(0x0000004a40100000,0x0000004a40200000)]
  0x0000017613d9d790 JavaThread "jar transforms Thread 11" [_thread_blocked, id=16512, stack(0x0000004a40200000,0x0000004a40300000)]
  0x0000017613da07b0 JavaThread "jar transforms Thread 12" [_thread_blocked, id=16100, stack(0x0000004a40300000,0x0000004a40400000)]
  0x0000017613d9b110 JavaThread "jar transforms Thread 13" [_thread_blocked, id=25808, stack(0x0000004a40400000,0x0000004a40500000)]
  0x0000017613da0c80 JavaThread "jar transforms Thread 14" [_thread_blocked, id=51952, stack(0x0000004a40500000,0x0000004a40600000)]
  0x0000017613d9c920 JavaThread "jar transforms Thread 15" [_thread_blocked, id=7092, stack(0x0000004a40600000,0x0000004a40700000)]
  0x0000017613da1af0 JavaThread "jar transforms Thread 16" [_thread_blocked, id=30048, stack(0x0000004a40700000,0x0000004a40800000)]
  0x0000017613d9e600 JavaThread "Cache worker for checksums cache (C:\Users\hp\Downloads\labtest2-main\.gradle\8.0\checksums)" [_thread_blocked, id=29600, stack(0x0000004a40800000,0x0000004a40900000)]
  0x0000017613da1fc0 JavaThread "Cache worker for cache directory md-rule (C:\Users\hp\.gradle\caches\8.0\md-rule)" [_thread_blocked, id=11124, stack(0x0000004a40900000,0x0000004a40a00000)]
  0x0000017613d9fe10 JavaThread "Cache worker for file content cache (C:\Users\hp\.gradle\caches\8.0\fileContent)" [_thread_blocked, id=13084, stack(0x0000004a40a00000,0x0000004a40b00000)]
  0x0000017613d9bab0 JavaThread "Cache worker for file hash cache (C:\Users\hp\Downloads\labtest2-main\.gradle\8.0\fileHashes)" [_thread_blocked, id=28892, stack(0x0000004a40b00000,0x0000004a40c00000)]
  0x0000017613d9dc60 JavaThread "Cache worker for cache directory md-supplier (C:\Users\hp\.gradle\caches\8.0\md-supplier)" [_thread_blocked, id=38604, stack(0x0000004a40c00000,0x0000004a40d00000)]
  0x0000017613d9f470 JavaThread "Cache worker for execution history cache (C:\Users\hp\.gradle\caches\8.0\executionHistory)" [_thread_blocked, id=18604, stack(0x0000004a40d00000,0x0000004a40e00000)]
  0x0000017613d9cdf0 JavaThread "Cache worker for kotlin-dsl (C:\Users\hp\.gradle\caches\8.0\kotlin-dsl)" [_thread_blocked, id=33392, stack(0x0000004a40e00000,0x0000004a40f00000)]

Other Threads:
=>0x000001767e7810e0 VMThread "VM Thread" [stack: 0x0000004a3c900000,0x0000004a3ca00000] [id=31336]
  0x000001767f26cb30 WatcherThread [stack: 0x0000004a3d700000,0x0000004a3d800000] [id=30068]
  0x0000017672ebbf10 GCTaskThread "GC Thread#0" [stack: 0x0000004a3c400000,0x0000004a3c500000] [id=46992]
  0x000001760f308030 GCTaskThread "GC Thread#1" [stack: 0x0000004a3da00000,0x0000004a3db00000] [id=13140]
  0x000001767fae8750 GCTaskThread "GC Thread#2" [stack: 0x0000004a3db00000,0x0000004a3dc00000] [id=24364]
  0x000001767f52f2c0 GCTaskThread "GC Thread#3" [stack: 0x0000004a3dc00000,0x0000004a3dd00000] [id=30264]
  0x000001767f52f570 GCTaskThread "GC Thread#4" [stack: 0x0000004a3dd00000,0x0000004a3de00000] [id=31604]
  0x000001767fa83530 GCTaskThread "GC Thread#5" [stack: 0x0000004a3de00000,0x0000004a3df00000] [id=26016]
  0x000001760f98d0c0 GCTaskThread "GC Thread#6" [stack: 0x0000004a3df00000,0x0000004a3e000000] [id=29680]
  0x0000017610e1c320 GCTaskThread "GC Thread#7" [stack: 0x0000004a3ea00000,0x0000004a3eb00000] [id=11656]
  0x0000017610e1c5d0 GCTaskThread "GC Thread#8" [stack: 0x0000004a3eb00000,0x0000004a3ec00000] [id=25492]
  0x0000017611adc820 GCTaskThread "GC Thread#9" [stack: 0x0000004a3ec00000,0x0000004a3ed00000] [id=39788]
  0x0000017611adcad0 GCTaskThread "GC Thread#10" [stack: 0x0000004a3ed00000,0x0000004a3ee00000] [id=21212]
  0x000001761192ef20 GCTaskThread "GC Thread#11" [stack: 0x0000004a3ee00000,0x0000004a3ef00000] [id=42812]
  0x000001761192e9c0 GCTaskThread "GC Thread#12" [stack: 0x0000004a3ef00000,0x0000004a3f000000] [id=53184]
  0x0000017672ecce50 ConcurrentGCThread "G1 Main Marker" [stack: 0x0000004a3c500000,0x0000004a3c600000] [id=13376]
  0x0000017672ecd860 ConcurrentGCThread "G1 Conc#0" [stack: 0x0000004a3c600000,0x0000004a3c700000] [id=49348]
  0x000001761192e460 ConcurrentGCThread "G1 Conc#1" [stack: 0x0000004a3f000000,0x0000004a3f100000] [id=44768]
  0x000001761192ec70 ConcurrentGCThread "G1 Conc#2" [stack: 0x0000004a3f100000,0x0000004a3f200000] [id=19872]
  0x000001767e6341e0 ConcurrentGCThread "G1 Refine#0" [stack: 0x0000004a3c700000,0x0000004a3c800000] [id=5392]
  0x000001767faa1810 ConcurrentGCThread "G1 Refine#1" [stack: 0x0000004a40f00000,0x0000004a41000000] [id=2788]
  0x000001767faa1af0 ConcurrentGCThread "G1 Refine#2" [stack: 0x0000004a41000000,0x0000004a41100000] [id=34324]
  0x000001767faa1530 ConcurrentGCThread "G1 Refine#3" [stack: 0x0000004a41100000,0x0000004a41200000] [id=8528]
  0x000001767faa0c90 ConcurrentGCThread "G1 Refine#4" [stack: 0x0000004a41200000,0x0000004a41300000] [id=53140]
  0x000001767e634c00 ConcurrentGCThread "G1 Service" [stack: 0x0000004a3c800000,0x0000004a3c900000] [id=11332]

Threads with active compile tasks:

VM state: at safepoint (normal execution)

VM Mutex/Monitor currently owned by a thread:  ([mutex/lock_event])
[0x0000017672e5b4d0] Threads_lock - owner thread: 0x000001767e7810e0
[0x0000017672e5c130] Heap_lock - owner thread: 0x0000017672ecce50

Heap address: 0x0000000080000000, size: 2048 MB, Compressed Oops mode: 32-bit

CDS archive(s) not mapped
Compressed class space mapped at: 0x0000000100000000-0x0000000140000000, reserved size: 1073741824
Narrow klass base: 0x0000000000000000, Narrow klass shift: 3, Narrow klass range: 0x140000000

GC Precious Log:
 CPUs: 16 total, 16 available
 Memory: 16052M
 Large Page Support: Disabled
 NUMA Support: Disabled
 Compressed Oops: Enabled (32-bit)
 Heap Region Size: 1M
 Heap Min Capacity: 8M
 Heap Initial Capacity: 252M
 Heap Max Capacity: 2G
 Pre-touch: Disabled
 Parallel Workers: 13
 Concurrent Workers: 3
 Concurrent Refinement Workers: 13
 Periodic GC: Disabled

Heap:
 garbage-first heap   total 184320K, used 112665K [0x0000000080000000, 0x0000000100000000)
  region size 1024K, 7 young (7168K), 5 survivors (5120K)
 Metaspace       used 106187K, committed 106816K, reserved 1146880K
  class space    used 13662K, committed 13952K, reserved 1048576K

Heap Regions: E=young(eden), S=young(survivor), O=old, HS=humongous(starts), HC=humongous(continues), CS=collection set, F=free, OA=open archive, CA=closed archive, TAMS=top-at-mark-start (previous, next)
|   0|0x0000000080000000, 0x0000000080100000, 0x0000000080100000|100%|HS|  |TAMS 0x0000000080100000, 0x0000000080000000| Complete 
|   1|0x0000000080100000, 0x0000000080200000, 0x0000000080200000|100%|HC|  |TAMS 0x0000000080200000, 0x0000000080100000| Complete 
|   2|0x0000000080200000, 0x0000000080300000, 0x0000000080300000|100%|HC|  |TAMS 0x0000000080300000, 0x0000000080200000| Complete 
|   3|0x0000000080300000, 0x0000000080400000, 0x0000000080400000|100%|HC|  |TAMS 0x0000000080400000, 0x0000000080300000| Complete 
|   4|0x0000000080400000, 0x0000000080500000, 0x0000000080500000|100%| O|  |TAMS 0x0000000080500000, 0x0000000080400000| Untracked 
|   5|0x0000000080500000, 0x0000000080600000, 0x0000000080600000|100%| O|  |TAMS 0x0000000080600000, 0x0000000080500000| Untracked 
|   6|0x0000000080600000, 0x0000000080700000, 0x0000000080700000|100%| O|  |TAMS 0x0000000080700000, 0x0000000080600000| Untracked 
|   7|0x0000000080700000, 0x0000000080800000, 0x0000000080800000|100%| O|  |TAMS 0x0000000080800000, 0x0000000080700000| Untracked 
|   8|0x0000000080800000, 0x0000000080900000, 0x0000000080900000|100%| O|  |TAMS 0x0000000080900000, 0x0000000080800000| Untracked 
|   9|0x0000000080900000, 0x0000000080a00000, 0x0000000080a00000|100%| O|  |TAMS 0x0000000080a00000, 0x0000000080900000| Untracked 
|  10|0x0000000080a00000, 0x0000000080afe400, 0x0000000080b00000| 99%| O|  |TAMS 0x0000000080afe400, 0x0000000080a00000| Untracked 
|  11|0x0000000080b00000, 0x0000000080c00000, 0x0000000080c00000|100%| O|  |TAMS 0x0000000080c00000, 0x0000000080b00000| Untracked 
|  12|0x0000000080c00000, 0x0000000080d00000, 0x0000000080d00000|100%| O|  |TAMS 0x0000000080d00000, 0x0000000080c00000| Untracked 
|  13|0x0000000080d00000, 0x0000000080e00000, 0x0000000080e00000|100%| O|  |TAMS 0x0000000080e00000, 0x0000000080d00000| Untracked 
|  14|0x0000000080e00000, 0x0000000080f00000, 0x0000000080f00000|100%| O|  |TAMS 0x0000000080f00000, 0x0000000080e00000| Untracked 
|  15|0x0000000080f00000, 0x0000000081000000, 0x0000000081000000|100%| O|  |TAMS 0x0000000081000000, 0x0000000080f00000| Untracked 
|  16|0x0000000081000000, 0x0000000081100000, 0x0000000081100000|100%| O|  |TAMS 0x0000000081100000, 0x0000000081000000| Untracked 
|  17|0x0000000081100000, 0x0000000081200000, 0x0000000081200000|100%| O|  |TAMS 0x0000000081200000, 0x0000000081100000| Untracked 
|  18|0x0000000081200000, 0x0000000081300000, 0x0000000081300000|100%|HS|  |TAMS 0x0000000081300000, 0x0000000081200000| Complete 
|  19|0x0000000081300000, 0x0000000081400000, 0x0000000081400000|100%|HC|  |TAMS 0x0000000081400000, 0x0000000081300000| Complete 
|  20|0x0000000081400000, 0x0000000081500000, 0x0000000081500000|100%|HS|  |TAMS 0x0000000081500000, 0x0000000081400000| Complete 
|  21|0x0000000081500000, 0x0000000081600000, 0x0000000081600000|100%|HC|  |TAMS 0x0000000081600000, 0x0000000081500000| Complete 
|  22|0x0000000081600000, 0x0000000081700000, 0x0000000081700000|100%| O|  |TAMS 0x0000000081700000, 0x0000000081600000| Untracked 
|  23|0x0000000081700000, 0x0000000081800000, 0x0000000081800000|100%|HS|  |TAMS 0x0000000081800000, 0x0000000081700000| Complete 
|  24|0x0000000081800000, 0x0000000081900000, 0x0000000081900000|100%|HC|  |TAMS 0x0000000081900000, 0x0000000081800000| Complete 
|  25|0x0000000081900000, 0x0000000081a00000, 0x0000000081a00000|100%|HC|  |TAMS 0x0000000081a00000, 0x0000000081900000| Complete 
|  26|0x0000000081a00000, 0x0000000081b00000, 0x0000000081b00000|100%|HS|  |TAMS 0x0000000081b00000, 0x0000000081a00000| Complete 
|  27|0x0000000081b00000, 0x0000000081c00000, 0x0000000081c00000|100%|HC|  |TAMS 0x0000000081c00000, 0x0000000081b00000| Complete 
|  28|0x0000000081c00000, 0x0000000081d00000, 0x0000000081d00000|100%|HC|  |TAMS 0x0000000081d00000, 0x0000000081c00000| Complete 
|  29|0x0000000081d00000, 0x0000000081e00000, 0x0000000081e00000|100%| O|  |TAMS 0x0000000081e00000, 0x0000000081d00000| Updating 
|  30|0x0000000081e00000, 0x0000000081f00000, 0x0000000081f00000|100%| O|  |TAMS 0x0000000081f00000, 0x0000000081e00000| Untracked 
|  31|0x0000000081f00000, 0x0000000082000000, 0x0000000082000000|100%| O|  |TAMS 0x0000000082000000, 0x0000000081f00000| Untracked 
|  32|0x0000000082000000, 0x0000000082100000, 0x0000000082100000|100%| O|  |TAMS 0x0000000082100000, 0x0000000082000000| Updating 
|  33|0x0000000082100000, 0x0000000082200000, 0x0000000082200000|100%| O|  |TAMS 0x0000000082200000, 0x0000000082100000| Untracked 
|  34|0x0000000082200000, 0x0000000082300000, 0x0000000082300000|100%| O|  |TAMS 0x0000000082300000, 0x0000000082200000| Updating 
|  35|0x0000000082300000, 0x0000000082400000, 0x0000000082400000|100%| O|  |TAMS 0x0000000082400000, 0x0000000082300000| Untracked 
|  36|0x0000000082400000, 0x0000000082500000, 0x0000000082500000|100%| O|  |TAMS 0x0000000082500000, 0x0000000082400000| Untracked 
|  37|0x0000000082500000, 0x0000000082600000, 0x0000000082600000|100%| O|  |TAMS 0x0000000082600000, 0x0000000082500000| Untracked 
|  38|0x0000000082600000, 0x0000000082700000, 0x0000000082700000|100%| O|  |TAMS 0x0000000082700000, 0x0000000082600000| Untracked 
|  39|0x0000000082700000, 0x0000000082800000, 0x0000000082800000|100%| O|  |TAMS 0x0000000082800000, 0x0000000082700000| Untracked 
|  40|0x0000000082800000, 0x0000000082900000, 0x0000000082900000|100%| O|  |TAMS 0x0000000082900000, 0x0000000082800000| Untracked 
|  41|0x0000000082900000, 0x0000000082a00000, 0x0000000082a00000|100%| O|  |TAMS 0x0000000082a00000, 0x0000000082900000| Untracked 
|  42|0x0000000082a00000, 0x0000000082b00000, 0x0000000082b00000|100%|HS|  |TAMS 0x0000000082b00000, 0x0000000082a00000| Complete 
|  43|0x0000000082b00000, 0x0000000082c00000, 0x0000000082c00000|100%|HC|  |TAMS 0x0000000082c00000, 0x0000000082b00000| Complete 
|  44|0x0000000082c00000, 0x0000000082d00000, 0x0000000082d00000|100%|HC|  |TAMS 0x0000000082d00000, 0x0000000082c00000| Complete 
|  45|0x0000000082d00000, 0x0000000082e00000, 0x0000000082e00000|100%|HC|  |TAMS 0x0000000082e00000, 0x0000000082d00000| Complete 
|  46|0x0000000082e00000, 0x0000000082f00000, 0x0000000082f00000|100%|HC|  |TAMS 0x0000000082f00000, 0x0000000082e00000| Complete 
|  47|0x0000000082f00000, 0x0000000083000000, 0x0000000083000000|100%|HC|  |TAMS 0x0000000083000000, 0x0000000082f00000| Complete 
|  48|0x0000000083000000, 0x0000000083100000, 0x0000000083100000|100%|HC|  |TAMS 0x0000000083100000, 0x0000000083000000| Complete 
|  49|0x0000000083100000, 0x0000000083200000, 0x0000000083200000|100%|HC|  |TAMS 0x0000000083200000, 0x0000000083100000| Complete 
|  50|0x0000000083200000, 0x0000000083300000, 0x0000000083300000|100%|HC|  |TAMS 0x0000000083300000, 0x0000000083200000| Complete 
|  51|0x0000000083300000, 0x0000000083400000, 0x0000000083400000|100%|HC|  |TAMS 0x0000000083400000, 0x0000000083300000| Complete 
|  52|0x0000000083400000, 0x0000000083500000, 0x0000000083500000|100%|HC|  |TAMS 0x0000000083500000, 0x0000000083400000| Complete 
|  53|0x0000000083500000, 0x0000000083600000, 0x0000000083600000|100%|HC|  |TAMS 0x0000000083600000, 0x0000000083500000| Complete 
|  54|0x0000000083600000, 0x0000000083700000, 0x0000000083700000|100%|HS|  |TAMS 0x0000000083700000, 0x0000000083600000| Complete 
|  55|0x0000000083700000, 0x0000000083800000, 0x0000000083800000|100%|HC|  |TAMS 0x0000000083800000, 0x0000000083700000| Complete 
|  56|0x0000000083800000, 0x0000000083900000, 0x0000000083900000|100%|HC|  |TAMS 0x0000000083900000, 0x0000000083800000| Complete 
|  57|0x0000000083900000, 0x0000000083a00000, 0x0000000083a00000|100%| O|  |TAMS 0x0000000083a00000, 0x0000000083900000| Untracked 
|  58|0x0000000083a00000, 0x0000000083b00000, 0x0000000083b00000|100%|HS|  |TAMS 0x0000000083b00000, 0x0000000083a00000| Complete 
|  59|0x0000000083b00000, 0x0000000083c00000, 0x0000000083c00000|100%|HC|  |TAMS 0x0000000083c00000, 0x0000000083b00000| Complete 
|  60|0x0000000083c00000, 0x0000000083d00000, 0x0000000083d00000|100%|HC|  |TAMS 0x0000000083d00000, 0x0000000083c00000| Complete 
|  61|0x0000000083d00000, 0x0000000083e00000, 0x0000000083e00000|100%| O|  |TAMS 0x0000000083e00000, 0x0000000083d00000| Untracked 
|  62|0x0000000083e00000, 0x0000000083f00000, 0x0000000083f00000|100%| O|  |TAMS 0x0000000083f00000, 0x0000000083e00000| Updating 
|  63|0x0000000083f00000, 0x0000000084000000, 0x0000000084000000|100%| O|  |TAMS 0x0000000084000000, 0x0000000083f00000| Updating 
|  64|0x0000000084000000, 0x0000000084100000, 0x0000000084100000|100%| O|  |TAMS 0x0000000084100000, 0x0000000084000000| Untracked 
|  65|0x0000000084100000, 0x0000000084200000, 0x0000000084200000|100%| O|  |TAMS 0x0000000084200000, 0x0000000084100000| Untracked 
|  66|0x0000000084200000, 0x0000000084300000, 0x0000000084300000|100%| O|  |TAMS 0x0000000084300000, 0x0000000084200000| Untracked 
|  67|0x0000000084300000, 0x0000000084400000, 0x0000000084400000|100%|HS|  |TAMS 0x0000000084400000, 0x0000000084300000| Complete 
|  68|0x0000000084400000, 0x0000000084500000, 0x0000000084500000|100%|HC|  |TAMS 0x0000000084500000, 0x0000000084400000| Complete 
|  69|0x0000000084500000, 0x0000000084600000, 0x0000000084600000|100%|HC|  |TAMS 0x0000000084600000, 0x0000000084500000| Complete 
|  70|0x0000000084600000, 0x0000000084700000, 0x0000000084700000|100%|HC|  |TAMS 0x0000000084700000, 0x0000000084600000| Complete 
|  71|0x0000000084700000, 0x0000000084800000, 0x0000000084800000|100%| O|  |TAMS 0x0000000084800000, 0x0000000084700000| Untracked 
|  72|0x0000000084800000, 0x0000000084900000, 0x0000000084900000|100%| O|  |TAMS 0x0000000084900000, 0x0000000084800000| Untracked 
|  73|0x0000000084900000, 0x0000000084a00000, 0x0000000084a00000|100%| O|  |TAMS 0x0000000084a00000, 0x0000000084900000| Untracked 
|  74|0x0000000084a00000, 0x0000000084b00000, 0x0000000084b00000|100%| O|  |TAMS 0x0000000084b00000, 0x0000000084a00000| Untracked 
|  75|0x0000000084b00000, 0x0000000084c00000, 0x0000000084c00000|100%| O|  |TAMS 0x0000000084c00000, 0x0000000084b00000| Untracked 
|  76|0x0000000084c00000, 0x0000000084d00000, 0x0000000084d00000|100%| O|  |TAMS 0x0000000084d00000, 0x0000000084c00000| Untracked 
|  77|0x0000000084d00000, 0x0000000084e00000, 0x0000000084e00000|100%| O|  |TAMS 0x0000000084e00000, 0x0000000084d00000| Untracked 
|  78|0x0000000084e00000, 0x0000000084f00000, 0x0000000084f00000|100%| O|  |TAMS 0x0000000084f00000, 0x0000000084e00000| Updating 
|  79|0x0000000084f00000, 0x0000000085000000, 0x0000000085000000|100%| O|  |TAMS 0x0000000085000000, 0x0000000084f00000| Untracked 
|  80|0x0000000085000000, 0x0000000085100000, 0x0000000085100000|100%| O|  |TAMS 0x0000000085100000, 0x0000000085000000| Untracked 
|  81|0x0000000085100000, 0x0000000085200000, 0x0000000085200000|100%| O|  |TAMS 0x0000000085200000, 0x0000000085100000| Untracked 
|  82|0x0000000085200000, 0x0000000085300000, 0x0000000085300000|100%| O|  |TAMS 0x0000000085300000, 0x0000000085200000| Untracked 
|  83|0x0000000085300000, 0x0000000085400000, 0x0000000085400000|100%| O|  |TAMS 0x0000000085400000, 0x0000000085300000| Untracked 
|  84|0x0000000085400000, 0x0000000085500000, 0x0000000085500000|100%| O|  |TAMS 0x0000000085500000, 0x0000000085400000| Untracked 
|  85|0x0000000085500000, 0x0000000085600000, 0x0000000085600000|100%|HS|  |TAMS 0x0000000085600000, 0x0000000085500000| Complete 
|  86|0x0000000085600000, 0x0000000085700000, 0x0000000085700000|100%|HC|  |TAMS 0x0000000085700000, 0x0000000085600000| Complete 
|  87|0x0000000085700000, 0x0000000085800000, 0x0000000085800000|100%|HC|  |TAMS 0x0000000085800000, 0x0000000085700000| Complete 
|  88|0x0000000085800000, 0x0000000085900000, 0x0000000085900000|100%|HC|  |TAMS 0x0000000085900000, 0x0000000085800000| Complete 
|  89|0x0000000085900000, 0x0000000085a00000, 0x0000000085a00000|100%|HC|  |TAMS 0x0000000085a00000, 0x0000000085900000| Complete 
|  90|0x0000000085a00000, 0x0000000085b00000, 0x0000000085b00000|100%|HC|  |TAMS 0x0000000085b00000, 0x0000000085a00000| Complete 
|  91|0x0000000085b00000, 0x0000000085c00000, 0x0000000085c00000|100%| O|  |TAMS 0x0000000085c00000, 0x0000000085b00000| Untracked 
|  92|0x0000000085c00000, 0x0000000085d00000, 0x0000000085d00000|100%| O|  |TAMS 0x0000000085d00000, 0x0000000085c00000| Untracked 
|  93|0x0000000085d00000, 0x0000000085e00000, 0x0000000085e00000|100%| O|  |TAMS 0x0000000085e00000, 0x0000000085d00000| Untracked 
|  94|0x0000000085e00000, 0x0000000085f00000, 0x0000000085f00000|100%| O|  |TAMS 0x0000000085f00000, 0x0000000085e00000| Untracked 
|  95|0x0000000085f00000, 0x0000000086000000, 0x0000000086000000|100%| O|  |TAMS 0x0000000086000000, 0x0000000085f00000| Untracked 
|  96|0x0000000086000000, 0x0000000086100000, 0x0000000086100000|100%| O|  |TAMS 0x0000000086100000, 0x0000000086000000| Untracked 
|  97|0x0000000086100000, 0x0000000086200000, 0x0000000086200000|100%| O|  |TAMS 0x0000000086200000, 0x0000000086100000| Untracked 
|  98|0x0000000086200000, 0x0000000086300000, 0x0000000086300000|100%| O|  |TAMS 0x0000000086300000, 0x0000000086200000| Untracked 
|  99|0x0000000086300000, 0x0000000086400000, 0x0000000086400000|100%| O|  |TAMS 0x0000000086400000, 0x0000000086300000| Untracked 
| 100|0x0000000086400000, 0x0000000086500000, 0x0000000086500000|100%| O|  |TAMS 0x0000000086500000, 0x0000000086400000| Untracked 
| 101|0x0000000086500000, 0x0000000086600000, 0x0000000086600000|100%| O|  |TAMS 0x0000000086548400, 0x0000000086500000| Untracked 
| 102|0x0000000086600000, 0x0000000086700000, 0x0000000086700000|100%| O|  |TAMS 0x0000000086600000, 0x0000000086600000| Untracked 
| 103|0x0000000086700000, 0x0000000086800000, 0x0000000086800000|100%| O|  |TAMS 0x0000000086700000, 0x0000000086700000| Untracked 
| 104|0x0000000086800000, 0x0000000086870600, 0x0000000086900000| 43%| O|  |TAMS 0x0000000086800000, 0x0000000086800000| Updating 
| 105|0x0000000086900000, 0x0000000086900000, 0x0000000086a00000|  0%| F|  |TAMS 0x0000000086900000, 0x0000000086900000| Untracked 
| 106|0x0000000086a00000, 0x0000000086a00000, 0x0000000086b00000|  0%| F|  |TAMS 0x0000000086a00000, 0x0000000086a00000| Untracked 
| 107|0x0000000086b00000, 0x0000000086b00000, 0x0000000086c00000|  0%| F|  |TAMS 0x0000000086b00000, 0x0000000086b00000| Untracked 
| 108|0x0000000086c00000, 0x0000000086c00000, 0x0000000086d00000|  0%| F|  |TAMS 0x0000000086c00000, 0x0000000086c00000| Untracked 
| 109|0x0000000086d00000, 0x0000000086d00000, 0x0000000086e00000|  0%| F|  |TAMS 0x0000000086d00000, 0x0000000086d00000| Untracked 
| 110|0x0000000086e00000, 0x0000000086e00000, 0x0000000086f00000|  0%| F|  |TAMS 0x0000000086e00000, 0x0000000086e00000| Untracked 
| 111|0x0000000086f00000, 0x0000000086f00000, 0x0000000087000000|  0%| F|  |TAMS 0x0000000086f00000, 0x0000000086f00000| Untracked 
| 112|0x0000000087000000, 0x0000000087000000, 0x0000000087100000|  0%| F|  |TAMS 0x0000000087000000, 0x0000000087000000| Untracked 
| 113|0x0000000087100000, 0x0000000087100000, 0x0000000087200000|  0%| F|  |TAMS 0x0000000087100000, 0x0000000087100000| Untracked 
| 114|0x0000000087200000, 0x0000000087200000, 0x0000000087300000|  0%| F|  |TAMS 0x0000000087200000, 0x0000000087200000| Untracked 
| 115|0x0000000087300000, 0x0000000087300000, 0x0000000087400000|  0%| F|  |TAMS 0x0000000087300000, 0x0000000087300000| Untracked 
| 116|0x0000000087400000, 0x0000000087400000, 0x0000000087500000|  0%| F|  |TAMS 0x0000000087400000, 0x0000000087400000| Untracked 
| 117|0x0000000087500000, 0x0000000087500000, 0x0000000087600000|  0%| F|  |TAMS 0x0000000087500000, 0x0000000087500000| Untracked 
| 118|0x0000000087600000, 0x0000000087600000, 0x0000000087700000|  0%| F|  |TAMS 0x0000000087600000, 0x0000000087600000| Untracked 
| 119|0x0000000087700000, 0x0000000087700000, 0x0000000087800000|  0%| F|  |TAMS 0x0000000087700000, 0x0000000087700000| Untracked 
| 120|0x0000000087800000, 0x0000000087800000, 0x0000000087900000|  0%| F|  |TAMS 0x0000000087800000, 0x0000000087800000| Untracked 
| 121|0x0000000087900000, 0x0000000087900000, 0x0000000087a00000|  0%| F|  |TAMS 0x0000000087900000, 0x0000000087900000| Untracked 
| 122|0x0000000087a00000, 0x0000000087a00000, 0x0000000087b00000|  0%| F|  |TAMS 0x0000000087a00000, 0x0000000087a00000| Untracked 
| 123|0x0000000087b00000, 0x0000000087b00000, 0x0000000087c00000|  0%| F|  |TAMS 0x0000000087b00000, 0x0000000087b00000| Untracked 
| 124|0x0000000087c00000, 0x0000000087c00000, 0x0000000087d00000|  0%| F|  |TAMS 0x0000000087c00000, 0x0000000087c00000| Untracked 
| 125|0x0000000087d00000, 0x0000000087d97b40, 0x0000000087e00000| 59%| S|CS|TAMS 0x0000000087d00000, 0x0000000087d00000| Complete 
| 126|0x0000000087e00000, 0x0000000087f00000, 0x0000000087f00000|100%| S|CS|TAMS 0x0000000087e00000, 0x0000000087e00000| Complete 
| 127|0x0000000087f00000, 0x0000000088000000, 0x0000000088000000|100%| S|CS|TAMS 0x0000000087f00000, 0x0000000087f00000| Complete 
| 128|0x0000000088000000, 0x0000000088100000, 0x0000000088100000|100%| S|CS|TAMS 0x0000000088000000, 0x0000000088000000| Complete 
| 129|0x0000000088100000, 0x0000000088200000, 0x0000000088200000|100%| S|CS|TAMS 0x0000000088100000, 0x0000000088100000| Complete 
| 130|0x0000000088200000, 0x0000000088200000, 0x0000000088300000|  0%| F|  |TAMS 0x0000000088200000, 0x0000000088200000| Untracked 
| 131|0x0000000088300000, 0x0000000088300000, 0x0000000088400000|  0%| F|  |TAMS 0x0000000088300000, 0x0000000088300000| Untracked 
| 132|0x0000000088400000, 0x0000000088400000, 0x0000000088500000|  0%| F|  |TAMS 0x0000000088400000, 0x0000000088400000| Untracked 
| 133|0x0000000088500000, 0x0000000088500000, 0x0000000088600000|  0%| F|  |TAMS 0x0000000088500000, 0x0000000088500000| Untracked 
| 134|0x0000000088600000, 0x0000000088600000, 0x0000000088700000|  0%| F|  |TAMS 0x0000000088600000, 0x0000000088600000| Untracked 
| 135|0x0000000088700000, 0x0000000088700000, 0x0000000088800000|  0%| F|  |TAMS 0x0000000088700000, 0x0000000088700000| Untracked 
| 136|0x0000000088800000, 0x0000000088800000, 0x0000000088900000|  0%| F|  |TAMS 0x0000000088800000, 0x0000000088800000| Untracked 
| 137|0x0000000088900000, 0x0000000088900000, 0x0000000088a00000|  0%| F|  |TAMS 0x0000000088900000, 0x0000000088900000| Untracked 
| 138|0x0000000088a00000, 0x0000000088a00000, 0x0000000088b00000|  0%| F|  |TAMS 0x0000000088a00000, 0x0000000088a00000| Untracked 
| 139|0x0000000088b00000, 0x0000000088b00000, 0x0000000088c00000|  0%| F|  |TAMS 0x0000000088b00000, 0x0000000088b00000| Untracked 
| 140|0x0000000088c00000, 0x0000000088c00000, 0x0000000088d00000|  0%| F|  |TAMS 0x0000000088c00000, 0x0000000088c00000| Untracked 
| 141|0x0000000088d00000, 0x0000000088d00000, 0x0000000088e00000|  0%| F|  |TAMS 0x0000000088d00000, 0x0000000088d00000| Untracked 
| 142|0x0000000088e00000, 0x0000000088e00000, 0x0000000088f00000|  0%| F|  |TAMS 0x0000000088e00000, 0x0000000088e00000| Untracked 
| 143|0x0000000088f00000, 0x0000000088f00000, 0x0000000089000000|  0%| F|  |TAMS 0x0000000088f00000, 0x0000000088f00000| Untracked 
| 144|0x0000000089000000, 0x0000000089000000, 0x0000000089100000|  0%| F|  |TAMS 0x0000000089000000, 0x0000000089000000| Untracked 
| 145|0x0000000089100000, 0x0000000089100000, 0x0000000089200000|  0%| F|  |TAMS 0x0000000089100000, 0x0000000089100000| Untracked 
| 146|0x0000000089200000, 0x0000000089200000, 0x0000000089300000|  0%| F|  |TAMS 0x0000000089200000, 0x0000000089200000| Untracked 
| 147|0x0000000089300000, 0x0000000089300000, 0x0000000089400000|  0%| F|  |TAMS 0x0000000089300000, 0x0000000089300000| Untracked 
| 148|0x0000000089400000, 0x0000000089400000, 0x0000000089500000|  0%| F|  |TAMS 0x0000000089400000, 0x0000000089400000| Untracked 
| 149|0x0000000089500000, 0x0000000089500000, 0x0000000089600000|  0%| F|  |TAMS 0x0000000089500000, 0x0000000089500000| Untracked 
| 150|0x0000000089600000, 0x0000000089600000, 0x0000000089700000|  0%| F|  |TAMS 0x0000000089600000, 0x0000000089600000| Untracked 
| 151|0x0000000089700000, 0x0000000089700000, 0x0000000089800000|  0%| F|  |TAMS 0x0000000089700000, 0x0000000089700000| Untracked 
| 152|0x0000000089800000, 0x0000000089800000, 0x0000000089900000|  0%| F|  |TAMS 0x0000000089800000, 0x0000000089800000| Untracked 
| 153|0x0000000089900000, 0x0000000089900000, 0x0000000089a00000|  0%| F|  |TAMS 0x0000000089900000, 0x0000000089900000| Untracked 
| 154|0x0000000089a00000, 0x0000000089a00000, 0x0000000089b00000|  0%| F|  |TAMS 0x0000000089a00000, 0x0000000089a00000| Untracked 
| 155|0x0000000089b00000, 0x0000000089b00000, 0x0000000089c00000|  0%| F|  |TAMS 0x0000000089b00000, 0x0000000089b00000| Untracked 
| 156|0x0000000089c00000, 0x0000000089c00000, 0x0000000089d00000|  0%| F|  |TAMS 0x0000000089c00000, 0x0000000089c00000| Untracked 
| 157|0x0000000089d00000, 0x0000000089d00000, 0x0000000089e00000|  0%| F|  |TAMS 0x0000000089d00000, 0x0000000089d00000| Untracked 
| 158|0x0000000089e00000, 0x0000000089e00000, 0x0000000089f00000|  0%| F|  |TAMS 0x0000000089e00000, 0x0000000089e00000| Untracked 
| 159|0x0000000089f00000, 0x0000000089f00000, 0x000000008a000000|  0%| F|  |TAMS 0x0000000089f00000, 0x0000000089f00000| Untracked 
| 160|0x000000008a000000, 0x000000008a000000, 0x000000008a100000|  0%| F|  |TAMS 0x000000008a000000, 0x000000008a000000| Untracked 
| 161|0x000000008a100000, 0x000000008a100000, 0x000000008a200000|  0%| F|  |TAMS 0x000000008a100000, 0x000000008a100000| Untracked 
| 162|0x000000008a200000, 0x000000008a200000, 0x000000008a300000|  0%| F|  |TAMS 0x000000008a200000, 0x000000008a200000| Untracked 
| 163|0x000000008a300000, 0x000000008a300000, 0x000000008a400000|  0%| F|  |TAMS 0x000000008a300000, 0x000000008a300000| Untracked 
| 164|0x000000008a400000, 0x000000008a400000, 0x000000008a500000|  0%| F|  |TAMS 0x000000008a400000, 0x000000008a400000| Untracked 
| 165|0x000000008a500000, 0x000000008a500000, 0x000000008a600000|  0%| F|  |TAMS 0x000000008a500000, 0x000000008a500000| Untracked 
| 166|0x000000008a600000, 0x000000008a600000, 0x000000008a700000|  0%| F|  |TAMS 0x000000008a600000, 0x000000008a600000| Untracked 
| 167|0x000000008a700000, 0x000000008a700000, 0x000000008a800000|  0%| F|  |TAMS 0x000000008a700000, 0x000000008a700000| Untracked 
| 168|0x000000008a800000, 0x000000008a800000, 0x000000008a900000|  0%| F|  |TAMS 0x000000008a800000, 0x000000008a800000| Untracked 
| 169|0x000000008a900000, 0x000000008a900000, 0x000000008aa00000|  0%| F|  |TAMS 0x000000008a900000, 0x000000008a900000| Untracked 
| 170|0x000000008aa00000, 0x000000008aa00000, 0x000000008ab00000|  0%| F|  |TAMS 0x000000008aa00000, 0x000000008aa00000| Untracked 
| 203|0x000000008cb00000, 0x000000008cb00000, 0x000000008cc00000|  0%| F|  |TAMS 0x000000008cb00000, 0x000000008cb00000| Untracked 
| 204|0x000000008cc00000, 0x000000008cc00000, 0x000000008cd00000|  0%| F|  |TAMS 0x000000008cc00000, 0x000000008cc00000| Untracked 
| 205|0x000000008cd00000, 0x000000008cd00000, 0x000000008ce00000|  0%| F|  |TAMS 0x000000008cd00000, 0x000000008cd00000| Untracked 
| 206|0x000000008ce00000, 0x000000008ce00000, 0x000000008cf00000|  0%| F|  |TAMS 0x000000008ce00000, 0x000000008ce00000| Untracked 
| 207|0x000000008cf00000, 0x000000008cf00000, 0x000000008d000000|  0%| F|  |TAMS 0x000000008cf00000, 0x000000008cf00000| Untracked 
| 208|0x000000008d000000, 0x000000008d000000, 0x000000008d100000|  0%| F|  |TAMS 0x000000008d000000, 0x000000008d000000| Untracked 
| 209|0x000000008d100000, 0x000000008d100000, 0x000000008d200000|  0%| F|  |TAMS 0x000000008d100000, 0x000000008d100000| Untracked 
| 210|0x000000008d200000, 0x000000008d300000, 0x000000008d300000|100%| E|  |TAMS 0x000000008d200000, 0x000000008d200000| Complete 
| 251|0x000000008fb00000, 0x000000008fc00000, 0x000000008fc00000|100%| E|CS|TAMS 0x000000008fb00000, 0x000000008fb00000| Complete 

Card table byte_map: [0x0000017676fb0000,0x00000176773b0000] _byte_map_base: 0x0000017676bb0000

Marking Bits (Prev, Next): (CMBitMap*) 0x0000017672ebc520, (CMBitMap*) 0x0000017672ebc560
 Prev Bits: [0x00000176777b0000, 0x00000176797b0000)
 Next Bits: [0x00000176797b0000, 0x000001767b7b0000)

Polling page: 0x0000017670de0000

Metaspace:

Usage:
  Non-class:     90.36 MB used.
      Class:     13.34 MB used.
       Both:    103.70 MB used.

Virtual space:
  Non-class space:       96.00 MB reserved,      90.69 MB ( 94%) committed,  12 nodes.
      Class space:        1.00 GB reserved,      13.62 MB (  1%) committed,  1 nodes.
             Both:        1.09 GB reserved,     104.31 MB (  9%) committed. 

Chunk freelists:
   Non-Class:  448.00 KB
       Class:  2.36 MB
        Both:  2.80 MB

MaxMetaspaceSize: unlimited
CompressedClassSpaceSize: 1.00 GB
Initial GC threshold: 21.00 MB
Current GC threshold: 152.94 MB
CDS: off
MetaspaceReclaimPolicy: balanced
 - commit_granule_bytes: 65536.
 - commit_granule_words: 8192.
 - virtual_space_node_default_size: 1048576.
 - enlarge_chunks_in_place: 1.
 - new_chunks_are_fully_committed: 0.
 - uncommit_free_chunks: 1.
 - use_allocation_guard: 0.
 - handle_deallocations: 1.


Internal statistics:

num_allocs_failed_limit: 3.
num_arena_births: 716.
num_arena_deaths: 0.
num_vsnodes_births: 13.
num_vsnodes_deaths: 0.
num_space_committed: 1667.
num_space_uncommitted: 0.
num_chunks_returned_to_freelist: 3.
num_chunks_taken_from_freelist: 4130.
num_chunk_merges: 3.
num_chunk_splits: 3215.
num_chunks_enlarged: 2671.
num_purges: 0.
num_inconsistent_stats: 0.

CodeHeap 'non-profiled nmethods': size=119168Kb used=4229Kb max_used=4229Kb free=114938Kb
 bounds [0x0000017607ba0000, 0x0000017607fd0000, 0x000001760f000000]
CodeHeap 'profiled nmethods': size=119104Kb used=16912Kb max_used=16912Kb free=102192Kb
 bounds [0x0000017600000000, 0x0000017601090000, 0x0000017607450000]
CodeHeap 'non-nmethods': size=7488Kb used=4154Kb max_used=4170Kb free=3333Kb
 bounds [0x0000017607450000, 0x0000017607870000, 0x0000017607ba0000]
 total_blobs=8736 nmethods=7713 adapters=932
 compilation: enabled
              stopped_count=0, restarted_count=0
 full_count=0

Compilation events (20 events):
Event: 11.144 Thread 0x000001767f09ee50 nmethod 8477 0x0000017601079110 code [0x0000017601079320, 0x0000017601079968]
Event: 11.144 Thread 0x000001767f09ee50 8478       3       org.jetbrains.kotlin.ir.visitors.IrElementVisitorVoid$DefaultImpls::visitFunctionAccess (17 bytes)
Event: 11.144 Thread 0x000001767f09ee50 nmethod 8478 0x0000017601079c10 code [0x0000017601079e20, 0x000001760107a468]
Event: 11.144 Thread 0x000001767f09ee50 8479       3       org.jetbrains.kotlin.ir.visitors.IrElementVisitorVoid$DefaultImpls::visitGetValue (14 bytes)
Event: 11.144 Thread 0x000001767f09ee50 nmethod 8479 0x000001760107a710 code [0x000001760107a920, 0x000001760107af68]
Event: 11.144 Thread 0x000001767f2143c0 8480       3       org.jetbrains.kotlin.ir.visitors.IrElementVisitorVoid$DefaultImpls::visitGetValue (17 bytes)
Event: 11.144 Thread 0x000001767f09ee50 8481       3       org.jetbrains.kotlin.ir.visitors.IrElementVisitorVoid$DefaultImpls::visitValueAccess (17 bytes)
Event: 11.145 Thread 0x000001767f37acd0 nmethod 8476 0x000001760107b210 code [0x000001760107b780, 0x000001760107e558]
Event: 11.145 Thread 0x000001767f09ee50 nmethod 8481 0x000001760107f310 code [0x000001760107f520, 0x000001760107fb68]
Event: 11.145 Thread 0x000001767f2143c0 nmethod 8480 0x000001760107fe10 code [0x0000017601080020, 0x0000017601080668]
Event: 11.148 Thread 0x000001767f09ee50 8482       3       org.jetbrains.kotlin.ir.declarations.IrClass::accept (15 bytes)
Event: 11.148 Thread 0x000001767f20fea0 8483       3       org.jetbrains.kotlin.ir.visitors.IrElementVisitorVoid$DefaultImpls::visitValueParameter (14 bytes)
Event: 11.149 Thread 0x000001767f09ee50 nmethod 8482 0x0000017601080910 code [0x0000017601080b20, 0x00000176010811a8]
Event: 11.149 Thread 0x000001767f20fea0 nmethod 8483 0x0000017601081410 code [0x0000017601081620, 0x0000017601081c68]
Event: 11.149 Thread 0x000001767f37acd0 8484       3       org.jetbrains.kotlin.ir.visitors.IrElementVisitorVoid$DefaultImpls::visitValueParameter (17 bytes)
Event: 11.149 Thread 0x000001767f37acd0 nmethod 8484 0x0000017601081f10 code [0x0000017601082120, 0x0000017601082768]
Event: 11.151 Thread 0x000001767f37acd0 8485       3       org.jetbrains.kotlin.ir.expressions.IrDelegatingConstructorCall::accept (15 bytes)
Event: 11.151 Thread 0x000001767f09ee50 8486       3       org.jetbrains.kotlin.ir.visitors.IrElementVisitor$DefaultImpls::visitDeclaration (18 bytes)
Event: 11.151 Thread 0x000001767f37acd0 nmethod 8485 0x0000017601082a10 code [0x0000017601082c20, 0x00000176010832a8]
Event: 11.152 Thread 0x000001767f09ee50 nmethod 8486 0x0000017601083510 code [0x0000017601083720, 0x0000017601083d68]

GC Heap History (20 events):
Event: 7.328 GC heap before
{Heap before GC invocations=30 (full 0):
 garbage-first heap   total 134144K, used 76655K [0x0000000080000000, 0x0000000100000000)
  region size 1024K, 5 young (5120K), 3 survivors (3072K)
 Metaspace       used 68717K, committed 69376K, reserved 1114112K
  class space    used 9435K, committed 9728K, reserved 1048576K
}
Event: 7.331 GC heap after
{Heap after GC invocations=31 (full 0):
 garbage-first heap   total 134144K, used 75685K [0x0000000080000000, 0x0000000100000000)
  region size 1024K, 2 young (2048K), 2 survivors (2048K)
 Metaspace       used 68717K, committed 69376K, reserved 1114112K
  class space    used 9435K, committed 9728K, reserved 1048576K
}
Event: 7.563 GC heap before
{Heap before GC invocations=32 (full 0):
 garbage-first heap   total 140288K, used 117669K [0x0000000080000000, 0x0000000100000000)
  region size 1024K, 37 young (37888K), 2 survivors (2048K)
 Metaspace       used 69107K, committed 69696K, reserved 1114112K
  class space    used 9470K, committed 9728K, reserved 1048576K
}
Event: 7.571 GC heap after
{Heap after GC invocations=33 (full 0):
 garbage-first heap   total 140288K, used 85491K [0x0000000080000000, 0x0000000100000000)
  region size 1024K, 5 young (5120K), 5 survivors (5120K)
 Metaspace       used 69107K, committed 69696K, reserved 1114112K
  class space    used 9470K, committed 9728K, reserved 1048576K
}
Event: 7.875 GC heap before
{Heap before GC invocations=33 (full 0):
 garbage-first heap   total 140288K, used 113139K [0x0000000080000000, 0x0000000100000000)
  region size 1024K, 32 young (32768K), 5 survivors (5120K)
 Metaspace       used 72563K, committed 73152K, reserved 1114112K
  class space    used 9866K, committed 10176K, reserved 1048576K
}
Event: 7.880 GC heap after
{Heap after GC invocations=34 (full 0):
 garbage-first heap   total 140288K, used 86690K [0x0000000080000000, 0x0000000100000000)
  region size 1024K, 2 young (2048K), 2 survivors (2048K)
 Metaspace       used 72563K, committed 73152K, reserved 1114112K
  class space    used 9866K, committed 10176K, reserved 1048576K
}
Event: 7.949 GC heap before
{Heap before GC invocations=35 (full 0):
 garbage-first heap   total 150528K, used 91810K [0x0000000080000000, 0x0000000100000000)
  region size 1024K, 8 young (8192K), 2 survivors (2048K)
 Metaspace       used 73173K, committed 73856K, reserved 1114112K
  class space    used 9945K, committed 10240K, reserved 1048576K
}
Event: 7.952 GC heap after
{Heap after GC invocations=36 (full 0):
 garbage-first heap   total 181248K, used 87385K [0x0000000080000000, 0x0000000100000000)
  region size 1024K, 2 young (2048K), 2 survivors (2048K)
 Metaspace       used 73173K, committed 73856K, reserved 1114112K
  class space    used 9945K, committed 10240K, reserved 1048576K
}
Event: 8.737 GC heap before
{Heap before GC invocations=37 (full 0):
 garbage-first heap   total 181248K, used 153945K [0x0000000080000000, 0x0000000100000000)
  region size 1024K, 61 young (62464K), 2 survivors (2048K)
 Metaspace       used 81332K, committed 81920K, reserved 1122304K
  class space    used 10751K, committed 11008K, reserved 1048576K
}
Event: 8.741 GC heap after
{Heap after GC invocations=38 (full 0):
 garbage-first heap   total 181248K, used 98283K [0x0000000080000000, 0x0000000100000000)
  region size 1024K, 7 young (7168K), 7 survivors (7168K)
 Metaspace       used 81332K, committed 81920K, reserved 1122304K
  class space    used 10751K, committed 11008K, reserved 1048576K
}
Event: 9.274 GC heap before
{Heap before GC invocations=38 (full 0):
 garbage-first heap   total 181248K, used 141291K [0x0000000080000000, 0x0000000100000000)
  region size 1024K, 50 young (51200K), 7 survivors (7168K)
 Metaspace       used 87306K, committed 87936K, reserved 1130496K
  class space    used 11512K, committed 11776K, reserved 1048576K
}
Event: 9.280 GC heap after
{Heap after GC invocations=39 (full 0):
 garbage-first heap   total 181248K, used 101921K [0x0000000080000000, 0x0000000100000000)
  region size 1024K, 4 young (4096K), 4 survivors (4096K)
 Metaspace       used 87306K, committed 87936K, reserved 1130496K
  class space    used 11512K, committed 11776K, reserved 1048576K
}
Event: 9.665 GC heap before
{Heap before GC invocations=40 (full 0):
 garbage-first heap   total 181248K, used 150049K [0x0000000080000000, 0x0000000100000000)
  region size 1024K, 50 young (51200K), 4 survivors (4096K)
 Metaspace       used 89499K, committed 90112K, reserved 1130496K
  class space    used 11773K, committed 12032K, reserved 1048576K
}
Event: 9.668 GC heap after
{Heap after GC invocations=41 (full 0):
 garbage-first heap   total 181248K, used 103706K [0x0000000080000000, 0x0000000100000000)
  region size 1024K, 6 young (6144K), 6 survivors (6144K)
 Metaspace       used 89499K, committed 90112K, reserved 1130496K
  class space    used 11773K, committed 12032K, reserved 1048576K
}
Event: 10.147 GC heap before
{Heap before GC invocations=41 (full 0):
 garbage-first heap   total 181248K, used 150810K [0x0000000080000000, 0x0000000100000000)
  region size 1024K, 52 young (53248K), 6 survivors (6144K)
 Metaspace       used 93003K, committed 93632K, reserved 1138688K
  class space    used 12162K, committed 12416K, reserved 1048576K
}
Event: 10.153 GC heap after
{Heap after GC invocations=42 (full 0):
 garbage-first heap   total 181248K, used 107077K [0x0000000080000000, 0x0000000100000000)
  region size 1024K, 6 young (6144K), 6 survivors (6144K)
 Metaspace       used 93003K, committed 93632K, reserved 1138688K
  class space    used 12162K, committed 12416K, reserved 1048576K
}
Event: 10.657 GC heap before
{Heap before GC invocations=43 (full 0):
 garbage-first heap   total 184320K, used 151109K [0x0000000080000000, 0x0000000100000000)
  region size 1024K, 49 young (50176K), 6 survivors (6144K)
 Metaspace       used 98550K, committed 99200K, reserved 1138688K
  class space    used 12820K, committed 13120K, reserved 1048576K
}
Event: 10.663 GC heap after
{Heap after GC invocations=44 (full 0):
 garbage-first heap   total 184320K, used 109763K [0x0000000080000000, 0x0000000100000000)
  region size 1024K, 6 young (6144K), 6 survivors (6144K)
 Metaspace       used 98550K, committed 99200K, reserved 1138688K
  class space    used 12820K, committed 13120K, reserved 1048576K
}
Event: 11.168 GC heap before
{Heap before GC invocations=44 (full 0):
 garbage-first heap   total 184320K, used 154819K [0x0000000080000000, 0x0000000100000000)
  region size 1024K, 50 young (51200K), 6 survivors (6144K)
 Metaspace       used 105945K, committed 106560K, reserved 1146880K
  class space    used 13629K, committed 13888K, reserved 1048576K
}
Event: 11.175 GC heap after
{Heap after GC invocations=45 (full 0):
 garbage-first heap   total 184320K, used 111641K [0x0000000080000000, 0x0000000100000000)
  region size 1024K, 5 young (5120K), 5 survivors (5120K)
 Metaspace       used 105945K, committed 106560K, reserved 1146880K
  class space    used 13629K, committed 13888K, reserved 1048576K
}

Dll operation events (2 events):
Event: 0.006 Loaded shared library C:\Program Files\Android\Android Studio\jbr\bin\java.dll
Event: 0.372 Loaded shared library C:\Program Files\Android\Android Studio\jbr\bin\verify.dll

Deoptimization events (20 events):
Event: 10.917 Thread 0x0000017610b33e70 Uncommon trap: trap_request=0xffffffbe fr.pc=0x0000017607f796cc relative=0x0000000000000f6c
Event: 10.917 Thread 0x0000017610b33e70 Uncommon trap: reason=profile_predicate action=maybe_recompile pc=0x0000017607f796cc method=org.jetbrains.kotlin.serialization.deserialization.descriptors.DeserializedPackageMemberScope.hasClass(Lorg/jetbrains/kotlin/name/Name;)Z @ 65 c2
Event: 10.917 Thread 0x0000017610b33e70 DEOPT PACKING pc=0x0000017607f796cc sp=0x0000004a3e6f43a0
Event: 10.917 Thread 0x0000017610b33e70 DEOPT UNPACKING pc=0x00000176074a69a3 sp=0x0000004a3e6f4350 mode 2
Event: 10.918 Thread 0x0000017610b33e70 Uncommon trap: trap_request=0xffffffbe fr.pc=0x0000017607f796cc relative=0x0000000000000f6c
Event: 10.918 Thread 0x0000017610b33e70 Uncommon trap: reason=profile_predicate action=maybe_recompile pc=0x0000017607f796cc method=org.jetbrains.kotlin.serialization.deserialization.descriptors.DeserializedPackageMemberScope.hasClass(Lorg/jetbrains/kotlin/name/Name;)Z @ 65 c2
Event: 10.918 Thread 0x0000017610b33e70 DEOPT PACKING pc=0x0000017607f796cc sp=0x0000004a3e6f4230
Event: 10.918 Thread 0x0000017610b33e70 DEOPT UNPACKING pc=0x00000176074a69a3 sp=0x0000004a3e6f41e0 mode 2
Event: 11.121 Thread 0x0000017610b33e70 Uncommon trap: trap_request=0xffffffc6 fr.pc=0x0000017607f5fad8 relative=0x0000000000005718
Event: 11.121 Thread 0x0000017610b33e70 Uncommon trap: reason=bimorphic_or_optimized_type_check action=maybe_recompile pc=0x0000017607f5fad8 method=kotlin.collections.CollectionsKt___CollectionsKt.toCollection(Ljava/lang/Iterable;Ljava/util/Collection;)Ljava/util/Collection; @ 38 c2
Event: 11.121 Thread 0x0000017610b33e70 DEOPT PACKING pc=0x0000017607f5fad8 sp=0x0000004a3e6f5680
Event: 11.121 Thread 0x0000017610b33e70 DEOPT UNPACKING pc=0x00000176074a69a3 sp=0x0000004a3e6f56c8 mode 2
Event: 11.121 Thread 0x0000017610b33e70 Uncommon trap: trap_request=0xffffffc6 fr.pc=0x0000017607f5fad8 relative=0x0000000000005718
Event: 11.121 Thread 0x0000017610b33e70 Uncommon trap: reason=bimorphic_or_optimized_type_check action=maybe_recompile pc=0x0000017607f5fad8 method=kotlin.collections.CollectionsKt___CollectionsKt.toCollection(Ljava/lang/Iterable;Ljava/util/Collection;)Ljava/util/Collection; @ 38 c2
Event: 11.121 Thread 0x0000017610b33e70 DEOPT PACKING pc=0x0000017607f5fad8 sp=0x0000004a3e6f5680
Event: 11.121 Thread 0x0000017610b33e70 DEOPT UNPACKING pc=0x00000176074a69a3 sp=0x0000004a3e6f56c8 mode 2
Event: 11.121 Thread 0x0000017610b33e70 Uncommon trap: trap_request=0xffffff45 fr.pc=0x0000017607f0f8b0 relative=0x0000000000000210
Event: 11.121 Thread 0x0000017610b33e70 Uncommon trap: reason=unstable_if action=reinterpret pc=0x0000017607f0f8b0 method=org.jetbrains.kotlin.name.Name.hashCode()I @ 16 c2
Event: 11.121 Thread 0x0000017610b33e70 DEOPT PACKING pc=0x0000017607f0f8b0 sp=0x0000004a3e6f3ab0
Event: 11.121 Thread 0x0000017610b33e70 DEOPT UNPACKING pc=0x00000176074a69a3 sp=0x0000004a3e6f3a50 mode 2

Classes unloaded (0 events):
No events

Classes redefined (0 events):
No events

Internal exceptions (20 events):
Event: 5.958 Thread 0x0000017610b33e70 Exception <a 'java/lang/NoSuchMethodError'{0x000000008d22fcc0}: 'java.lang.Object java.lang.invoke.DirectMethodHandle$Holder.invokeSpecial(java.lang.Object, java.lang.Object, java.lang.Object, java.lang.Object, long)'> (0x000000008d22fcc0) 
thrown [s\src\hotspot\share\interpreter\linkResolver.cpp, line 771]
Event: 5.961 Thread 0x0000017610b33e70 Exception <a 'java/lang/NoSuchMethodError'{0x000000008d2546e8}: 'long java.lang.invoke.Invokers$Holder.invoke_MT(java.lang.Object, java.lang.Object, java.lang.Object, java.lang.Object)'> (0x000000008d2546e8) 
thrown [s\src\hotspot\share\interpreter\linkResolver.cpp, line 771]
Event: 5.962 Thread 0x0000017610b33e70 Exception <a 'java/lang/NoSuchMethodError'{0x000000008d25dfa8}: 'int java.lang.invoke.Invokers$Holder.invoke_MT(java.lang.Object, java.lang.Object, java.lang.Object, java.lang.Object)'> (0x000000008d25dfa8) 
thrown [s\src\hotspot\share\interpreter\linkResolver.cpp, line 771]
Event: 5.963 Thread 0x0000017610b33e70 Exception <a 'java/lang/NoSuchMethodError'{0x000000008d26eff0}: 'int java.lang.invoke.DelegatingMethodHandle$Holder.reinvoke_L(java.lang.Object, java.lang.Object, java.lang.Object, long, int)'> (0x000000008d26eff0) 
thrown [s\src\hotspot\share\interpreter\linkResolver.cpp, line 771]
Event: 5.964 Thread 0x0000017610b33e70 Exception <a 'java/lang/NoSuchMethodError'{0x000000008d282790}: 'java.lang.Object java.lang.invoke.Invokers$Holder.invokeExact_MT(java.lang.Object, java.lang.Object, long, java.lang.Object)'> (0x000000008d282790) 
thrown [s\src\hotspot\share\interpreter\linkResolver.cpp, line 771]
Event: 6.028 Thread 0x0000017610b33e70 Implicit null exception at 0x0000017607e83f13 to 0x0000017607e84060
Event: 6.745 Thread 0x0000017610b33e70 Exception <a 'java/lang/NoSuchMethodError'{0x0000000086648190}: 'long java.lang.invoke.DirectMethodHandle$Holder.invokeStatic(java.lang.Object)'> (0x0000000086648190) 
thrown [s\src\hotspot\share\interpreter\linkResolver.cpp, line 771]
Event: 6.745 Thread 0x0000017610b33e70 Exception <a 'java/lang/NoSuchMethodError'{0x000000008664cd78}: 'long java.lang.invoke.DirectMethodHandle$Holder.invokeStaticInit(java.lang.Object)'> (0x000000008664cd78) 
thrown [s\src\hotspot\share\interpreter\linkResolver.cpp, line 771]
Event: 6.886 Thread 0x0000017610b33e70 Implicit null exception at 0x0000017607db540c to 0x0000017607db5542
Event: 7.132 Thread 0x0000017610b33e70 Exception <a 'java/lang/NoSuchMethodError'{0x0000000086a9b4a8}: 'void java.lang.invoke.DirectMethodHandle$Holder.invokeVirtual(java.lang.Object, java.lang.Object)'> (0x0000000086a9b4a8) 
thrown [s\src\hotspot\share\interpreter\linkResolver.cpp, line 771]
Event: 7.308 Thread 0x0000017610b33e70 Exception <a 'java/lang/NoSuchMethodError'{0x000000008fb355b0}: 'java.lang.Object java.lang.invoke.Invokers$Holder.invoke_MT(java.lang.Object, java.lang.Object, java.lang.Object)'> (0x000000008fb355b0) 
thrown [s\src\hotspot\share\interpreter\linkResolver.cpp, line 771]
Event: 7.484 Thread 0x0000017610b33e70 Implicit null exception at 0x0000017607bf9352 to 0x0000017607bfb314
Event: 7.484 Thread 0x0000017610b33e70 Implicit null exception at 0x0000017607c21839 to 0x0000017607c22570
Event: 7.486 Thread 0x0000017610b33e70 Implicit null exception at 0x0000017607ca0000 to 0x0000017607ca0085
Event: 9.104 Thread 0x0000017610b33e70 Exception <a 'java/lang/NoSuchMethodError'{0x000000008927d3d0}: 'java.lang.Object java.lang.invoke.DirectMethodHandle$Holder.invokeStatic(java.lang.Object, java.lang.Object, java.lang.Object, java.lang.Object, int)'> (0x000000008927d3d0) 
thrown [s\src\hotspot\share\interpreter\linkResolver.cpp, line 771]
Event: 9.104 Thread 0x0000017610b33e70 Exception <a 'java/lang/NoSuchMethodError'{0x00000000892888d8}: 'java.lang.Object java.lang.invoke.DirectMethodHandle$Holder.newInvokeSpecial(java.lang.Object, java.lang.Object, java.lang.Object, java.lang.Object, int)'> (0x00000000892888d8) 
thrown [s\src\hotspot\share\interpreter\linkResolver.cpp, line 771]
Event: 9.104 Thread 0x0000017610b33e70 Exception <a 'java/lang/NoSuchMethodError'{0x000000008928e948}: 'java.lang.Object java.lang.invoke.DirectMethodHandle$Holder.invokeSpecial(java.lang.Object, java.lang.Object, java.lang.Object, java.lang.Object, java.lang.Object, int)'> (0x000000008928e948) 
thrown [s\src\hotspot\share\interpreter\linkResolver.cpp, line 771]
Event: 9.105 Thread 0x0000017610b33e70 Exception <a 'java/lang/NoSuchMethodError'{0x0000000089294368}: 'java.lang.Object java.lang.invoke.Invokers$Holder.linkToTargetMethod(java.lang.Object, java.lang.Object, java.lang.Object, int, java.lang.Object)'> (0x0000000089294368) 
thrown [s\src\hotspot\share\interpreter\linkResolver.cpp, line 771]
Event: 10.038 Thread 0x0000017610b33e70 Implicit null exception at 0x0000017607bf4e91 to 0x0000017607bf4ff8
Event: 10.450 Thread 0x0000017610b33e70 Exception <a 'java/lang/NoSuchMethodError'{0x0000000089a2e370}: 'java.lang.Object java.lang.invoke.DirectMethodHandle$Holder.newInvokeSpecial(java.lang.Object, java.lang.Object, java.lang.Object, int, int, java.lang.Object, java.lang.Object)'> (0x0000000089a2e370) 
thrown [s\src\hotspot\share\interpreter\linkResolver.cpp, line 771]

VM Operations (20 events):
Event: 10.527 Executing VM operation: HandshakeAllThreads done
Event: 10.545 Executing VM operation: HandshakeAllThreads
Event: 10.545 Executing VM operation: HandshakeAllThreads done
Event: 10.548 Executing VM operation: HandshakeAllThreads
Event: 10.548 Executing VM operation: HandshakeAllThreads done
Event: 10.656 Executing VM operation: G1CollectForAllocation
Event: 10.663 Executing VM operation: G1CollectForAllocation done
Event: 10.709 Executing VM operation: HandshakeAllThreads
Event: 10.709 Executing VM operation: HandshakeAllThreads done
Event: 11.019 Executing VM operation: HandshakeAllThreads
Event: 11.019 Executing VM operation: HandshakeAllThreads done
Event: 11.027 Executing VM operation: HandshakeAllThreads
Event: 11.028 Executing VM operation: HandshakeAllThreads done
Event: 11.090 Executing VM operation: ICBufferFull
Event: 11.090 Executing VM operation: ICBufferFull done
Event: 11.164 Executing VM operation: HandshakeAllThreads
Event: 11.164 Executing VM operation: HandshakeAllThreads done
Event: 11.168 Executing VM operation: G1CollectForAllocation
Event: 11.176 Executing VM operation: G1CollectForAllocation done
Event: 11.200 Executing VM operation: G1Concurrent

Events (20 events):
Event: 8.906 loading class java/text/StringCharacterIterator done
Event: 8.936 loading class java/io/NotSerializableException
Event: 8.936 loading class java/io/NotSerializableException done
Event: 9.063 loading class java/util/function/IntUnaryOperator
Event: 9.063 loading class java/util/function/IntUnaryOperator done
Event: 9.088 loading class java/util/AbstractList$SubList
Event: 9.089 loading class java/util/AbstractList$SubList done
Event: 9.089 loading class java/util/AbstractList$SubList$1
Event: 9.089 loading class java/util/AbstractList$SubList$1 done
Event: 9.089 loading class java/util/AbstractList$ListItr
Event: 9.089 loading class java/util/AbstractList$ListItr done
Event: 9.645 Thread 0x000001767f0ad160 flushing nmethod 0x0000017600208690
Event: 9.648 Thread 0x000001767f0ad160 flushing nmethod 0x0000017600708a10
Event: 9.820 loading class java/util/AbstractList$RandomAccessSubList
Event: 9.820 loading class java/util/AbstractList$RandomAccessSubList done
Event: 10.243 Thread 0x000001767f3f9850 Thread exited: 0x000001767f3f9850
Event: 10.246 Thread 0x00000176147496e0 Thread added: 0x00000176147496e0
Event: 10.503 Thread 0x00000176147496e0 Thread exited: 0x00000176147496e0
Event: 10.675 Thread 0x0000017614745510 Thread added: 0x0000017614745510
Event: 10.905 Thread 0x0000017614745510 Thread exited: 0x0000017614745510


Dynamic libraries:
0x00007ff63b990000 - 0x00007ff63b99a000 	C:\Program Files\Android\Android Studio\jbr\bin\java.exe
0x00007ffd4be10000 - 0x00007ffd4c027000 	C:\windows\SYSTEM32\ntdll.dll
0x00007ffd4a8c0000 - 0x00007ffd4a984000 	C:\windows\System32\KERNEL32.DLL
0x00007ffd49240000 - 0x00007ffd495e6000 	C:\windows\System32\KERNELBASE.dll
0x00007ffd499a0000 - 0x00007ffd49ab1000 	C:\windows\System32\ucrtbase.dll
0x00007ffd33c50000 - 0x00007ffd33c67000 	C:\Program Files\Android\Android Studio\jbr\bin\jli.dll
0x00007ffd33890000 - 0x00007ffd338ab000 	C:\Program Files\Android\Android Studio\jbr\bin\VCRUNTIME140.dll
0x00007ffd4b730000 - 0x00007ffd4b8de000 	C:\windows\System32\USER32.dll
0x00007ffd49210000 - 0x00007ffd49236000 	C:\windows\System32\win32u.dll
0x00007ffd4aa70000 - 0x00007ffd4aa99000 	C:\windows\System32\GDI32.dll
0x00007ffd11c80000 - 0x00007ffd11f13000 	C:\windows\WinSxS\amd64_microsoft.windows.common-controls_6595b64144ccf1df_6.0.22621.2506_none_270c5ae97388e100\COMCTL32.dll
0x00007ffd49660000 - 0x00007ffd49778000 	C:\windows\System32\gdi32full.dll
0x00007ffd4a330000 - 0x00007ffd4a3d7000 	C:\windows\System32\msvcrt.dll
0x00007ffd49ac0000 - 0x00007ffd49b5a000 	C:\windows\System32\msvcp_win.dll
0x00007ffd4a2f0000 - 0x00007ffd4a321000 	C:\windows\System32\IMM32.DLL
0x00007ffd45750000 - 0x00007ffd4575c000 	C:\Program Files\Android\Android Studio\jbr\bin\vcruntime140_1.dll
0x00007ffd330c0000 - 0x00007ffd3314d000 	C:\Program Files\Android\Android Studio\jbr\bin\msvcp140.dll
0x00007ffc9b550000 - 0x00007ffc9c1be000 	C:\Program Files\Android\Android Studio\jbr\bin\server\jvm.dll
0x00007ffd49b60000 - 0x00007ffd49c13000 	C:\windows\System32\ADVAPI32.dll
0x00007ffd4a0c0000 - 0x00007ffd4a168000 	C:\windows\System32\sechost.dll
0x00007ffd49970000 - 0x00007ffd49998000 	C:\windows\System32\bcrypt.dll
0x00007ffd4a7a0000 - 0x00007ffd4a8b7000 	C:\windows\System32\RPCRT4.dll
0x00007ffd11f20000 - 0x00007ffd11f29000 	C:\windows\SYSTEM32\WSOCK32.dll
0x00007ffd3e820000 - 0x00007ffd3e854000 	C:\windows\SYSTEM32\WINMM.dll
0x00007ffd4a170000 - 0x00007ffd4a1e1000 	C:\windows\System32\WS2_32.dll
0x00007ffd3db60000 - 0x00007ffd3db6a000 	C:\windows\SYSTEM32\VERSION.dll
0x00007ffd48160000 - 0x00007ffd48178000 	C:\windows\SYSTEM32\kernel.appcore.dll
0x00007ffd43e60000 - 0x00007ffd43e6a000 	C:\Program Files\Android\Android Studio\jbr\bin\jimage.dll
0x00007ffd46a50000 - 0x00007ffd46c83000 	C:\windows\SYSTEM32\DBGHELP.DLL
0x00007ffd49c20000 - 0x00007ffd49fa9000 	C:\windows\System32\combase.dll
0x00007ffd4b430000 - 0x00007ffd4b507000 	C:\windows\System32\OLEAUT32.dll
0x00007ffd32900000 - 0x00007ffd32932000 	C:\windows\SYSTEM32\dbgcore.DLL
0x00007ffd498f0000 - 0x00007ffd4996a000 	C:\windows\System32\bcryptPrimitives.dll
0x00007ffd33d10000 - 0x00007ffd33d35000 	C:\Program Files\Android\Android Studio\jbr\bin\java.dll
0x00007ffd3e9d0000 - 0x00007ffd3e9e8000 	C:\Program Files\Android\Android Studio\jbr\bin\zip.dll
0x00007ffd4abd0000 - 0x00007ffd4b42b000 	C:\windows\System32\SHELL32.dll
0x00007ffd47060000 - 0x00007ffd47956000 	C:\windows\SYSTEM32\windows.storage.dll
0x00007ffd46f20000 - 0x00007ffd4705e000 	C:\windows\SYSTEM32\wintypes.dll
0x00007ffd49fb0000 - 0x00007ffd4a0a3000 	C:\windows\System32\SHCORE.dll
0x00007ffd4ab70000 - 0x00007ffd4abce000 	C:\windows\System32\shlwapi.dll
0x00007ffd49080000 - 0x00007ffd490a6000 	C:\windows\SYSTEM32\profapi.dll
0x00007ffd3ccf0000 - 0x00007ffd3cd09000 	C:\Program Files\Android\Android Studio\jbr\bin\net.dll
0x00007ffd43640000 - 0x00007ffd43777000 	C:\windows\SYSTEM32\WINHTTP.dll
0x00007ffd48610000 - 0x00007ffd48679000 	C:\windows\system32\mswsock.dll
0x00007ffd33de0000 - 0x00007ffd33df6000 	C:\Program Files\Android\Android Studio\jbr\bin\nio.dll
0x00007ffd43e40000 - 0x00007ffd43e50000 	C:\Program Files\Android\Android Studio\jbr\bin\verify.dll
0x00007ffd33ab0000 - 0x00007ffd33ad7000 	C:\Users\hp\.gradle\native\68d5fa5c4cc2d200863cafc0d521ce42e7d3e7ee720ec0a83991735586a16f82\windows-amd64\native-platform.dll
0x00007ffd1c640000 - 0x00007ffd1c784000 	C:\Users\hp\.gradle\native\e376f236ea51e6404a007f0833ffe2c6e607c4080706a723a18a27aeea778392\windows-amd64\native-platform-file-events.dll
0x00007ffd33fc0000 - 0x00007ffd33fc9000 	C:\Program Files\Android\Android Studio\jbr\bin\management.dll
0x00007ffd33e10000 - 0x00007ffd33e1b000 	C:\Program Files\Android\Android Studio\jbr\bin\management_ext.dll
0x00007ffd4b8e0000 - 0x00007ffd4b8e8000 	C:\windows\System32\PSAPI.DLL
0x00007ffd48860000 - 0x00007ffd4887b000 	C:\windows\SYSTEM32\CRYPTSP.dll
0x00007ffd480c0000 - 0x00007ffd480f5000 	C:\windows\system32\rsaenh.dll
0x00007ffd48700000 - 0x00007ffd4872c000 	C:\windows\SYSTEM32\USERENV.dll
0x00007ffd48880000 - 0x00007ffd4888c000 	C:\windows\SYSTEM32\CRYPTBASE.dll
0x00007ffd47c00000 - 0x00007ffd47c2d000 	C:\windows\SYSTEM32\IPHLPAPI.DLL
0x00007ffd4a0b0000 - 0x00007ffd4a0b9000 	C:\windows\System32\NSI.dll
0x00007ffd40820000 - 0x00007ffd40839000 	C:\windows\SYSTEM32\dhcpcsvc6.DLL
0x00007ffd40740000 - 0x00007ffd4075f000 	C:\windows\SYSTEM32\dhcpcsvc.DLL
0x00007ffd47c30000 - 0x00007ffd47d29000 	C:\windows\SYSTEM32\DNSAPI.dll
0x00007ffd03230000 - 0x00007ffd03238000 	C:\windows\system32\wshunix.dll

dbghelp: loaded successfully - version: 4.0.5 - missing functions: none
symbol engine: initialized successfully - sym options: 0x614 - pdb path: .;C:\Program Files\Android\Android Studio\jbr\bin;C:\windows\SYSTEM32;C:\windows\WinSxS\amd64_microsoft.windows.common-controls_6595b64144ccf1df_6.0.22621.2506_none_270c5ae97388e100;C:\Program Files\Android\Android Studio\jbr\bin\server;C:\Users\hp\.gradle\native\68d5fa5c4cc2d200863cafc0d521ce42e7d3e7ee720ec0a83991735586a16f82\windows-amd64;C:\Users\hp\.gradle\native\e376f236ea51e6404a007f0833ffe2c6e607c4080706a723a18a27aeea778392\windows-amd64

VM Arguments:
jvm_args: --add-opens=java.base/java.util=ALL-UNNAMED --add-opens=java.base/java.lang=ALL-UNNAMED --add-opens=java.base/java.lang.invoke=ALL-UNNAMED --add-opens=java.prefs/java.util.prefs=ALL-UNNAMED --add-opens=java.base/java.nio.charset=ALL-UNNAMED --add-opens=java.base/java.net=ALL-UNNAMED --add-opens=java.base/java.util.concurrent.atomic=ALL-UNNAMED -Xmx2048m -Dfile.encoding=UTF-8 -Duser.country=US -Duser.language=en -Duser.variant 
java_command: org.gradle.launcher.daemon.bootstrap.GradleDaemon 8.0
java_class_path (initial): C:\Users\hp\.gradle\wrapper\dists\gradle-8.0-bin\ca5e32bp14vu59qr306oxotwh\gradle-8.0\lib\gradle-launcher-8.0.jar
Launcher Type: SUN_STANDARD

[Global flags]
     intx CICompilerCount                          = 12                                        {product} {ergonomic}
     uint ConcGCThreads                            = 3                                         {product} {ergonomic}
     uint G1ConcRefinementThreads                  = 13                                        {product} {ergonomic}
   size_t G1HeapRegionSize                         = 1048576                                   {product} {ergonomic}
    uintx GCDrainStackTargetSize                   = 64                                        {product} {ergonomic}
   size_t InitialHeapSize                          = 264241152                                 {product} {ergonomic}
   size_t MarkStackSize                            = 4194304                                   {product} {ergonomic}
   size_t MaxHeapSize                              = 2147483648                                {product} {command line}
   size_t MaxNewSize                               = 1287651328                                {product} {ergonomic}
   size_t MinHeapDeltaBytes                        = 1048576                                   {product} {ergonomic}
   size_t MinHeapSize                              = 8388608                                   {product} {ergonomic}
    uintx NonNMethodCodeHeapSize                   = 7602480                                {pd product} {ergonomic}
    uintx NonProfiledCodeHeapSize                  = 122027880                              {pd product} {ergonomic}
    uintx ProfiledCodeHeapSize                     = 122027880                              {pd product} {ergonomic}
    uintx ReservedCodeCacheSize                    = 251658240                              {pd product} {ergonomic}
     bool SegmentedCodeCache                       = true                                      {product} {ergonomic}
   size_t SoftMaxHeapSize                          = 2147483648                             {manageable} {ergonomic}
     bool UseCompressedClassPointers               = true                           {product lp64_product} {ergonomic}
     bool UseCompressedOops                        = true                           {product lp64_product} {ergonomic}
     bool UseG1GC                                  = true                                      {product} {ergonomic}
     bool UseLargePagesIndividualAllocation        = false                                  {pd product} {ergonomic}

Logging:
Log output configuration:
 #0: stdout all=warning uptime,level,tags
 #1: stderr all=off uptime,level,tags

Environment Variables:
PATH=C:\Python312\Scripts\;C:\Python312\;C:\Program Files\Microsoft MPI\Bin\;C:\oraclexe\app\oracle\product\11.2.0\server\bin;;C:\Program Files\Common Files\Oracle\Java\javapath;C:\windows\system32;C:\windows;C:\windows\System32\Wbem;C:\windows\System32\WindowsPowerShell\v1.0\;C:\windows\System32\OpenSSH\;C:\Program Files\Java\jdk-21\bin;C:\Program Files\Git\cmd;C:\Program Files\Microsoft SQL Server\150\Tools\Binn\;C:\Program Files\Microsoft SQL Server\Client SDK\ODBC\170\Tools\Binn\;C:\Program Files\dotnet\;C:\xampp\php;C:\ProgramData\ComposerSetup\bin;C:\Program Files (x86)\Microsoft SQL Server\160\Tools\Binn\;C:\Program Files\Microsoft SQL Server\160\Tools\Binn\;C:\Program Files\Microsoft SQL Server\160\DTS\Binn\;C:\Program Files (x86)\Microsoft SQL Server\160\DTS\Binn\;C:\Program Files\Azure Data Studio\bin;C:\ProgramData\chocolatey\bin;C:\Program Files\MySQL\MySQL Shell 8.0\bin\;C:\Users\hp\AppData\Local\Microsoft\WindowsApps;C:\Program Files\JetBrains\IntelliJ IDEA Community Edition 2023.2.3\bin;;C:\Users\hp\AppData\Local\Programs\Microsoft VS Code\bin;C:\msys64\mingw64\bin;C:\Users\hp\.dotnet\tools;C:\Users\hp\AppData\Roaming\Composer\vendor\bin;C:\Program Files\Azure Data Studio\bin;C:\ProgramData\hp\GitHubDesktop\bin
USERNAME=hp
OS=Windows_NT
PROCESSOR_IDENTIFIER=Intel64 Family 6 Model 154 Stepping 3, GenuineIntel
TMP=C:\Users\hp\AppData\Local\Temp
TEMP=C:\Users\hp\AppData\Local\Temp


JNI global refs:
JNI global refs: 32, weak refs: 0

JNI global refs memory usage: 843, weak refs: 841


---------------  S Y S T E M  ---------------

OS:
 Windows 11 , 64 bit Build 22621 (10.0.22621.3085)
OS uptime: 63 days 0:36 hours
Hyper-V role detected

CPU: total 16 (initial active 16) (8 cores per cpu, 2 threads per core) family 6 model 154 stepping 3 microcode 0x42c, cx8, cmov, fxsr, ht, mmx, 3dnowpref, sse, sse2, sse3, ssse3, sse4.1, sse4.2, popcnt, lzcnt, tsc, tscinvbit, avx, avx2, aes, erms, clmul, bmi1, bmi2, adx, sha, fma, vzeroupper, clflush, clflushopt, clwb, hv

Memory: 4k page, system-wide physical 16052M (534M free)
TotalPageFile size 31621M (AvailPageFile size 11M)
current process WorkingSet (physical memory assigned to process): 431M, peak: 431M
current process commit charge ("private bytes"): 479M, peak: 486M

vm_info: OpenJDK 64-Bit Server VM (17.0.6+0-b2043.56-10027231) for windows-amd64 JRE (17.0.6+0-b2043.56-10027231), built on Apr 28 2023 00:43:19 by "androidbuild" with MS VC++ 16.10 / 16.11 (VS2019)

END.
